# JRE version: OpenJDK Runtime Environment Zulu17.58+21-CA (17.0.15+6) (build 17.0.15+6-LTS)
# Java VM: OpenJDK 64-Bit Server VM Zulu17.58+21-CA (17.0.15+6-LTS, mixed mode, sharing, tiered, compressed oops, compressed class ptrs, g1 gc, windows-amd64)
GC Precious Log:
 CPUs: 4 total, 4 available
 Memory: 7986M
 Large Page Support: Disabled
 NUMA Support: Disabled
 Compressed Oops: Enabled (32-bit)
 Heap Region Size: 1M
 Heap Min Capacity: 256M
 Heap Initial Capacity: 256M
 Heap Max Capacity: 512M
 Pre-touch: Disabled
 Parallel Workers: 4
 Concurrent Workers: 1
 Concurrent Refinement Workers: 4
 Periodic GC: Disabled
Heap:
 garbage-first heap   total 262144K, used 72825K [0x00000000e0000000, 0x0000000100000000)
  region size 1024K, 52 young (53248K), 3 survivors (3072K)
 Metaspace       used 25988K, committed 26432K, reserved 393216K
  class space    used 3816K, committed 4032K, reserved 327680K
GC Heap History (8 events):
Event: 20.180 GC heap before
{Heap before GC invocations=0 (full 0):
 garbage-first heap   total 262144K, used 13312K [0x00000000e0000000, 0x0000000100000000)
  region size 1024K, 13 young (13312K), 0 survivors (0K)
 Metaspace       used 831K, committed 960K, reserved 393216K
  class space    used 69K, committed 128K, reserved 327680K
}
Event: 20.433 GC heap after
{Heap after GC invocations=1 (full 0):
 garbage-first heap   total 262144K, used 1380K [0x00000000e0000000, 0x0000000100000000)
  region size 1024K, 2 young (2048K), 2 survivors (2048K)
 Metaspace       used 831K, committed 960K, reserved 393216K
  class space    used 69K, committed 128K, reserved 327680K
}
Event: 27.155 GC heap before
{Heap before GC invocations=1 (full 0):
 garbage-first heap   total 262144K, used 21860K [0x00000000e0000000, 0x0000000100000000)
  region size 1024K, 20 young (20480K), 2 survivors (2048K)
 Metaspace       used 1538K, committed 1664K, reserved 393216K
  class space    used 127K, committed 192K, reserved 327680K
}
Event: 27.161 GC heap after
{Heap after GC invocations=2 (full 0):
 garbage-first heap   total 262144K, used 10345K [0x00000000e0000000, 0x0000000100000000)
  region size 1024K, 3 young (3072K), 3 survivors (3072K)
 Metaspace       used 1538K, committed 1664K, reserved 393216K
  class space    used 127K, committed 192K, reserved 327680K
}
Event: 149.710 GC heap before
{Heap before GC invocations=2 (full 0):
 garbage-first heap   total 262144K, used 165993K [0x00000000e0000000, 0x0000000100000000)
  region size 1024K, 153 young (156672K), 3 survivors (3072K)
 Metaspace       used 17723K, committed 18048K, reserved 393216K
  class space    used 2501K, committed 2688K, reserved 327680K
}
Event: 149.908 GC heap after
{Heap after GC invocations=3 (full 0):
 garbage-first heap   total 262144K, used 21574K [0x00000000e0000000, 0x0000000100000000)
  region size 1024K, 13 young (13312K), 13 survivors (13312K)
 Metaspace       used 17723K, committed 18048K, reserved 393216K
  class space    used 2501K, committed 2688K, reserved 327680K
}
Event: 193.984 GC heap before
{Heap before GC invocations=3 (full 0):
 garbage-first heap   total 262144K, used 51270K [0x00000000e0000000, 0x0000000100000000)
  region size 1024K, 44 young (45056K), 13 survivors (13312K)
 Metaspace       used 21226K, committed 21504K, reserved 393216K
  class space    used 3064K, committed 3200K, reserved 327680K
}
Event: 194.094 GC heap after
{Heap after GC invocations=4 (full 0):
 garbage-first heap   total 262144K, used 23673K [0x00000000e0000000, 0x0000000100000000)
  region size 1024K, 3 young (3072K), 3 survivors (3072K)
 Metaspace       used 21226K, committed 21504K, reserved 393216K
  class space    used 3064K, committed 3200K, reserved 327680K
}

